2018-07-21 14:29:17.798  INFO 9777 --- [main] c.l.l.LogrepositApiApplication           : Starting LogrepositApiApplication on DoM-ThinkPad-P50 with PID 9777 (/home/miglar/projects/new/logreposit-api/target/classes started by miglar in /home/miglar/projects/new/logreposit-api)
2018-07-21 14:29:17.801  INFO 9777 --- [main] c.l.l.LogrepositApiApplication           : No active profile set, falling back to default profiles: default
2018-07-21 14:29:17.838  INFO 9777 --- [main] ConfigServletWebServerApplicationContext : Refreshing org.springframework.boot.web.servlet.context.AnnotationConfigServletWebServerApplicationContext@6635ee2d: startup date [Sat Jul 21 14:29:17 CEST 2018]; root of context hierarchy
2018-07-21 14:29:18.769  INFO 9777 --- [main] trationDelegate$BeanPostProcessorChecker : Bean 'org.springframework.amqp.rabbit.annotation.RabbitBootstrapConfiguration' of type [org.springframework.amqp.rabbit.annotation.RabbitBootstrapConfiguration$$EnhancerBySpringCGLIB$$9d623677] is not eligible for getting processed by all BeanPostProcessors (for example: not eligible for auto-proxying)
2018-07-21 14:29:19.043  INFO 9777 --- [main] o.s.b.w.embedded.tomcat.TomcatWebServer  : Tomcat initialized with port(s): 8080 (http)
2018-07-21 14:29:19.074  INFO 9777 --- [main] o.apache.catalina.core.StandardService   : Starting service [Tomcat]
2018-07-21 14:29:19.074  INFO 9777 --- [main] org.apache.catalina.core.StandardEngine  : Starting Servlet Engine: Apache Tomcat/8.5.31
2018-07-21 14:29:19.086  INFO 9777 --- [localhost-startStop-1] o.a.catalina.core.AprLifecycleListener   : The APR based Apache Tomcat Native library which allows optimal performance in production environments was not found on the java.library.path: [/usr/java/packages/lib:/usr/lib64:/lib64:/lib:/usr/lib]
2018-07-21 14:29:19.173  INFO 9777 --- [localhost-startStop-1] o.a.c.c.C.[Tomcat].[localhost].[/]       : Initializing Spring embedded WebApplicationContext
2018-07-21 14:29:19.174  INFO 9777 --- [localhost-startStop-1] o.s.web.context.ContextLoader            : Root WebApplicationContext: initialization completed in 1336 ms
2018-07-21 14:29:19.283  INFO 9777 --- [localhost-startStop-1] o.s.b.w.servlet.ServletRegistrationBean  : Servlet dispatcherServlet mapped to [/]
2018-07-21 14:29:19.287  INFO 9777 --- [localhost-startStop-1] o.s.b.w.servlet.FilterRegistrationBean   : Mapping filter: 'characterEncodingFilter' to: [/*]
2018-07-21 14:29:19.288  INFO 9777 --- [localhost-startStop-1] o.s.b.w.servlet.FilterRegistrationBean   : Mapping filter: 'hiddenHttpMethodFilter' to: [/*]
2018-07-21 14:29:19.288  INFO 9777 --- [localhost-startStop-1] o.s.b.w.servlet.FilterRegistrationBean   : Mapping filter: 'httpPutFormContentFilter' to: [/*]
2018-07-21 14:29:19.288  INFO 9777 --- [localhost-startStop-1] o.s.b.w.servlet.FilterRegistrationBean   : Mapping filter: 'requestContextFilter' to: [/*]
2018-07-21 14:29:19.577  INFO 9777 --- [main] org.mongodb.driver.cluster               : Cluster created with settings {hosts=[localhost:27017], mode=SINGLE, requiredClusterType=UNKNOWN, serverSelectionTimeout='30000 ms', maxWaitQueueSize=500}
2018-07-21 14:29:19.622  INFO 9777 --- [cluster-ClusterId{value='5b53271ff4ed9c26313afe04', description='null'}-localhost:27017] org.mongodb.driver.cluster               : Exception in monitor thread while connecting to server localhost:27017

com.mongodb.MongoSocketOpenException: Exception opening socket
	at com.mongodb.connection.SocketStream.open(SocketStream.java:62) ~[mongodb-driver-core-3.6.4.jar:na]
	at com.mongodb.connection.InternalStreamConnection.open(InternalStreamConnection.java:126) ~[mongodb-driver-core-3.6.4.jar:na]
	at com.mongodb.connection.DefaultServerMonitor$ServerMonitorRunnable.run(DefaultServerMonitor.java:114) ~[mongodb-driver-core-3.6.4.jar:na]
	at java.base/java.lang.Thread.run(Thread.java:844) [na:na]
Caused by: java.net.ConnectException: Connection refused (Connection refused)
	at java.base/java.net.PlainSocketImpl.socketConnect(Native Method) ~[na:na]
	at java.base/java.net.AbstractPlainSocketImpl.doConnect(AbstractPlainSocketImpl.java:400) ~[na:na]
	at java.base/java.net.AbstractPlainSocketImpl.connectToAddress(AbstractPlainSocketImpl.java:243) ~[na:na]
	at java.base/java.net.AbstractPlainSocketImpl.connect(AbstractPlainSocketImpl.java:225) ~[na:na]
	at java.base/java.net.SocksSocketImpl.connect(SocksSocketImpl.java:402) ~[na:na]
	at java.base/java.net.Socket.connect(Socket.java:591) ~[na:na]
	at com.mongodb.connection.SocketStreamHelper.initialize(SocketStreamHelper.java:59) ~[mongodb-driver-core-3.6.4.jar:na]
	at com.mongodb.connection.SocketStream.open(SocketStream.java:57) ~[mongodb-driver-core-3.6.4.jar:na]
	... 3 common frames omitted

2018-07-21 14:29:19.808  INFO 9777 --- [main] org.mongodb.driver.cluster               : Cluster description not yet available. Waiting for 30000 ms before timing out
2018-07-21 14:32:06.320  INFO 10020 --- [main] c.l.l.LogrepositApiApplicationTests      : Starting LogrepositApiApplicationTests on DoM-ThinkPad-P50 with PID 10020 (started by miglar in /home/miglar/projects/new/logreposit-api)
2018-07-21 14:32:06.322  INFO 10020 --- [main] c.l.l.LogrepositApiApplicationTests      : No active profile set, falling back to default profiles: default
2018-07-21 14:32:06.352  INFO 10020 --- [main] o.s.w.c.s.GenericWebApplicationContext   : Refreshing org.springframework.web.context.support.GenericWebApplicationContext@5fcacc0: startup date [Sat Jul 21 14:32:06 CEST 2018]; root of context hierarchy
2018-07-21 14:32:07.393  INFO 10020 --- [main] trationDelegate$BeanPostProcessorChecker : Bean 'org.springframework.amqp.rabbit.annotation.RabbitBootstrapConfiguration' of type [org.springframework.amqp.rabbit.annotation.RabbitBootstrapConfiguration$$EnhancerBySpringCGLIB$$a7a938a5] is not eligible for getting processed by all BeanPostProcessors (for example: not eligible for auto-proxying)
2018-07-21 14:32:07.647  INFO 10020 --- [main] org.mongodb.driver.cluster               : Cluster created with settings {hosts=[localhost:27017], mode=SINGLE, requiredClusterType=UNKNOWN, serverSelectionTimeout='30000 ms', maxWaitQueueSize=500}
2018-07-21 14:32:07.689  INFO 10020 --- [cluster-ClusterId{value='5b5327c7f4ed9c27242550ea', description='null'}-localhost:27017] org.mongodb.driver.cluster               : Exception in monitor thread while connecting to server localhost:27017

com.mongodb.MongoSocketOpenException: Exception opening socket
	at com.mongodb.connection.SocketStream.open(SocketStream.java:62) ~[mongodb-driver-core-3.6.4.jar:na]
	at com.mongodb.connection.InternalStreamConnection.open(InternalStreamConnection.java:126) ~[mongodb-driver-core-3.6.4.jar:na]
	at com.mongodb.connection.DefaultServerMonitor$ServerMonitorRunnable.run(DefaultServerMonitor.java:114) ~[mongodb-driver-core-3.6.4.jar:na]
	at java.base/java.lang.Thread.run(Thread.java:844) [na:na]
Caused by: java.net.ConnectException: Connection refused (Connection refused)
	at java.base/java.net.PlainSocketImpl.socketConnect(Native Method) ~[na:na]
	at java.base/java.net.AbstractPlainSocketImpl.doConnect(AbstractPlainSocketImpl.java:400) ~[na:na]
	at java.base/java.net.AbstractPlainSocketImpl.connectToAddress(AbstractPlainSocketImpl.java:243) ~[na:na]
	at java.base/java.net.AbstractPlainSocketImpl.connect(AbstractPlainSocketImpl.java:225) ~[na:na]
	at java.base/java.net.SocksSocketImpl.connect(SocksSocketImpl.java:402) ~[na:na]
	at java.base/java.net.Socket.connect(Socket.java:591) ~[na:na]
	at com.mongodb.connection.SocketStreamHelper.initialize(SocketStreamHelper.java:59) ~[mongodb-driver-core-3.6.4.jar:na]
	at com.mongodb.connection.SocketStream.open(SocketStream.java:57) ~[mongodb-driver-core-3.6.4.jar:na]
	... 3 common frames omitted

2018-07-21 14:32:07.883  INFO 10020 --- [main] org.mongodb.driver.cluster               : Cluster description not yet available. Waiting for 30000 ms before timing out
2018-07-21 14:34:45.263  INFO 10585 --- [main] c.l.l.LogrepositApiApplication           : Starting LogrepositApiApplication on DoM-ThinkPad-P50 with PID 10585 (/home/miglar/projects/new/logreposit-api/target/classes started by miglar in /home/miglar/projects/new/logreposit-api)
2018-07-21 14:34:45.266  INFO 10585 --- [main] c.l.l.LogrepositApiApplication           : No active profile set, falling back to default profiles: default
2018-07-21 14:34:45.310  INFO 10585 --- [main] ConfigServletWebServerApplicationContext : Refreshing org.springframework.boot.web.servlet.context.AnnotationConfigServletWebServerApplicationContext@375ce22e: startup date [Sat Jul 21 14:34:45 CEST 2018]; root of context hierarchy
2018-07-21 14:34:46.261  INFO 10585 --- [main] trationDelegate$BeanPostProcessorChecker : Bean 'org.springframework.amqp.rabbit.annotation.RabbitBootstrapConfiguration' of type [org.springframework.amqp.rabbit.annotation.RabbitBootstrapConfiguration$$EnhancerBySpringCGLIB$$8c044dde] is not eligible for getting processed by all BeanPostProcessors (for example: not eligible for auto-proxying)
2018-07-21 14:34:46.523  INFO 10585 --- [main] o.s.b.w.embedded.tomcat.TomcatWebServer  : Tomcat initialized with port(s): 8080 (http)
2018-07-21 14:34:46.548  INFO 10585 --- [main] o.apache.catalina.core.StandardService   : Starting service [Tomcat]
2018-07-21 14:34:46.549  INFO 10585 --- [main] org.apache.catalina.core.StandardEngine  : Starting Servlet Engine: Apache Tomcat/8.5.31
2018-07-21 14:34:46.559  INFO 10585 --- [localhost-startStop-1] o.a.catalina.core.AprLifecycleListener   : The APR based Apache Tomcat Native library which allows optimal performance in production environments was not found on the java.library.path: [/usr/java/packages/lib:/usr/lib64:/lib64:/lib:/usr/lib]
2018-07-21 14:34:46.637  INFO 10585 --- [localhost-startStop-1] o.a.c.c.C.[Tomcat].[localhost].[/]       : Initializing Spring embedded WebApplicationContext
2018-07-21 14:34:46.637  INFO 10585 --- [localhost-startStop-1] o.s.web.context.ContextLoader            : Root WebApplicationContext: initialization completed in 1327 ms
2018-07-21 14:34:46.747  INFO 10585 --- [localhost-startStop-1] o.s.b.w.servlet.ServletRegistrationBean  : Servlet dispatcherServlet mapped to [/]
2018-07-21 14:34:46.751  INFO 10585 --- [localhost-startStop-1] o.s.b.w.servlet.FilterRegistrationBean   : Mapping filter: 'characterEncodingFilter' to: [/*]
2018-07-21 14:34:46.752  INFO 10585 --- [localhost-startStop-1] o.s.b.w.servlet.FilterRegistrationBean   : Mapping filter: 'hiddenHttpMethodFilter' to: [/*]
2018-07-21 14:34:46.752  INFO 10585 --- [localhost-startStop-1] o.s.b.w.servlet.FilterRegistrationBean   : Mapping filter: 'httpPutFormContentFilter' to: [/*]
2018-07-21 14:34:46.752  INFO 10585 --- [localhost-startStop-1] o.s.b.w.servlet.FilterRegistrationBean   : Mapping filter: 'requestContextFilter' to: [/*]
2018-07-21 14:34:46.999  INFO 10585 --- [main] org.mongodb.driver.cluster               : Cluster created with settings {hosts=[localhost:27017], mode=MULTIPLE, requiredClusterType=UNKNOWN, serverSelectionTimeout='30000 ms', maxWaitQueueSize=500}
2018-07-21 14:34:47.000  INFO 10585 --- [main] org.mongodb.driver.cluster               : Adding discovered server localhost:27017 to client view of cluster
2018-07-21 14:34:47.067  INFO 10585 --- [cluster-ClusterId{value='5b532866f9a22c2959d7e4be', description='null'}-localhost:27017] org.mongodb.driver.connection            : Opened connection [connectionId{localValue:1, serverValue:1}] to localhost:27017
2018-07-21 14:34:47.071  INFO 10585 --- [cluster-ClusterId{value='5b532866f9a22c2959d7e4be', description='null'}-localhost:27017] org.mongodb.driver.cluster               : Monitor thread successfully connected to server with description ServerDescription{address=localhost:27017, type=STANDALONE, state=CONNECTED, ok=true, version=ServerVersion{versionList=[4, 0, 0]}, minWireVersion=0, maxWireVersion=7, maxDocumentSize=16777216, logicalSessionTimeoutMinutes=30, roundTripTimeNanos=2702784}
2018-07-21 14:34:47.073  INFO 10585 --- [cluster-ClusterId{value='5b532866f9a22c2959d7e4be', description='null'}-localhost:27017] org.mongodb.driver.cluster               : Discovered cluster type of STANDALONE
2018-07-21 14:34:47.259  INFO 10585 --- [main] org.mongodb.driver.connection            : Opened connection [connectionId{localValue:2, serverValue:2}] to localhost:27017
2018-07-21 14:34:47.938  INFO 10585 --- [main] o.s.w.s.handler.SimpleUrlHandlerMapping  : Mapped URL path [/**/favicon.ico] onto handler of type [class org.springframework.web.servlet.resource.ResourceHttpRequestHandler]
2018-07-21 14:34:48.081  INFO 10585 --- [main] s.w.s.m.m.a.RequestMappingHandlerAdapter : Looking for @ControllerAdvice: org.springframework.boot.web.servlet.context.AnnotationConfigServletWebServerApplicationContext@375ce22e: startup date [Sat Jul 21 14:34:45 CEST 2018]; root of context hierarchy
2018-07-21 14:34:48.143  INFO 10585 --- [main] s.w.s.m.m.a.RequestMappingHandlerMapping : Mapped "{[/devices],methods=[POST],produces=[application/json;charset=UTF-8]}" onto public org.springframework.http.ResponseEntity<com.logreposit.logrepositapi.rest.dtos.common.SuccessResponse<com.logreposit.logrepositapi.rest.dtos.ResponseDto>> com.logreposit.logrepositapi.rest.controllers.DeviceController.create(com.logreposit.logrepositapi.rest.dtos.request.DeviceCreationRequestDto,com.logreposit.logrepositapi.persistence.documents.User)
2018-07-21 14:34:48.144  INFO 10585 --- [main] s.w.s.m.m.a.RequestMappingHandlerMapping : Mapped "{[/ingress],methods=[POST],produces=[application/json;charset=UTF-8]}" onto public org.springframework.http.ResponseEntity<com.logreposit.logrepositapi.rest.dtos.common.SuccessResponse<com.logreposit.logrepositapi.rest.dtos.ResponseDto>> com.logreposit.logrepositapi.rest.controllers.IngressController.ingress(com.logreposit.logrepositapi.persistence.documents.Device,com.logreposit.logrepositapi.rest.dtos.request.LogIngressRequestDto)
2018-07-21 14:34:48.145  INFO 10585 --- [main] s.w.s.m.m.a.RequestMappingHandlerMapping : Mapped "{[/admin/users],methods=[GET],produces=[application/json;charset=UTF-8]}" onto public org.springframework.http.ResponseEntity<com.logreposit.logrepositapi.rest.dtos.common.SuccessResponse<com.logreposit.logrepositapi.rest.dtos.ResponseDto>> com.logreposit.logrepositapi.rest.controllers.admin.UserManagementController.list(int,int,com.logreposit.logrepositapi.persistence.documents.User)
2018-07-21 14:34:48.146  INFO 10585 --- [main] s.w.s.m.m.a.RequestMappingHandlerMapping : Mapped "{[/admin/users],methods=[POST],produces=[application/json;charset=UTF-8]}" onto public org.springframework.http.ResponseEntity<com.logreposit.logrepositapi.rest.dtos.common.SuccessResponse<com.logreposit.logrepositapi.rest.dtos.ResponseDto>> com.logreposit.logrepositapi.rest.controllers.admin.UserManagementController.create(com.logreposit.logrepositapi.rest.dtos.request.UserCreationRequestDto) throws com.logreposit.logrepositapi.services.user.UserAlreadyExistentException
2018-07-21 14:34:48.148  INFO 10585 --- [main] s.w.s.m.m.a.RequestMappingHandlerMapping : Mapped "{[/error],produces=[text/html]}" onto public org.springframework.web.servlet.ModelAndView org.springframework.boot.autoconfigure.web.servlet.error.BasicErrorController.errorHtml(javax.servlet.http.HttpServletRequest,javax.servlet.http.HttpServletResponse)
2018-07-21 14:34:48.149  INFO 10585 --- [main] s.w.s.m.m.a.RequestMappingHandlerMapping : Mapped "{[/error]}" onto public org.springframework.http.ResponseEntity<java.util.Map<java.lang.String, java.lang.Object>> org.springframework.boot.autoconfigure.web.servlet.error.BasicErrorController.error(javax.servlet.http.HttpServletRequest)
2018-07-21 14:34:48.168  INFO 10585 --- [main] o.s.w.s.handler.SimpleUrlHandlerMapping  : Mapped URL path [/webjars/**] onto handler of type [class org.springframework.web.servlet.resource.ResourceHttpRequestHandler]
2018-07-21 14:34:48.169  INFO 10585 --- [main] o.s.w.s.handler.SimpleUrlHandlerMapping  : Mapped URL path [/**] onto handler of type [class org.springframework.web.servlet.resource.ResourceHttpRequestHandler]
2018-07-21 14:34:48.182  INFO 10585 --- [main] .m.m.a.ExceptionHandlerExceptionResolver : Detected @ExceptionHandler methods in globalControllerAdvice
2018-07-21 14:34:48.358  INFO 10585 --- [main] o.s.j.e.a.AnnotationMBeanExporter        : Registering beans for JMX exposure on startup
2018-07-21 14:34:48.366  INFO 10585 --- [main] o.s.j.e.a.AnnotationMBeanExporter        : Bean with name 'rabbitConnectionFactory' has been autodetected for JMX exposure
2018-07-21 14:34:48.369  INFO 10585 --- [main] o.s.j.e.a.AnnotationMBeanExporter        : Located managed bean 'rabbitConnectionFactory': registering with JMX server as MBean [org.springframework.amqp.rabbit.connection:name=rabbitConnectionFactory,type=CachingConnectionFactory]
2018-07-21 14:34:48.391  INFO 10585 --- [main] o.s.c.support.DefaultLifecycleProcessor  : Starting beans in phase 2147483647
2018-07-21 14:34:48.421  INFO 10585 --- [main] o.s.b.w.embedded.tomcat.TomcatWebServer  : Tomcat started on port(s): 8080 (http) with context path ''
2018-07-21 14:34:48.426  INFO 10585 --- [main] c.l.l.LogrepositApiApplication           : Started LogrepositApiApplication in 3.608 seconds (JVM running for 8.472)
2018-07-21 14:34:48.464 ERROR 10585 --- [main] c.l.l.LogrepositCommandLineRunner        : Caught UserNotFoundException. Creating new one...
2018-07-21 14:34:48.464  INFO 10585 --- [main] c.l.l.services.user.UserServiceImpl      : Creating user: User(id=null, email=admin@localhost, roles=[ADMIN])
2018-07-21 14:34:48.509  INFO 10585 --- [main] c.l.l.services.user.UserServiceImpl      : Created user: User(id=5b532868f9a22c2959d7e4bf, email=admin@localhost, roles=[ADMIN]) with api key: ApiKey(id=5b532868f9a22c2959d7e4c0, key=bec564ff-339a-45a9-ae0d-faab267634c2, userId=5b532868f9a22c2959d7e4bf, createdAt=Sat Jul 21 14:34:48 CEST 2018)
2018-07-21 14:34:48.536  INFO 10585 --- [main] c.l.l.LogrepositCommandLineRunner        : Administrator Details => user: User(id=5b532868f9a22c2959d7e4bf, email=admin@localhost, roles=[ADMIN]), apiKey: ApiKey(id=5b532868f9a22c2959d7e4c0, key=bec564ff-339a-45a9-ae0d-faab267634c2, userId=5b532868f9a22c2959d7e4bf, createdAt=Sat Jul 21 14:34:48 CEST 2018)
2018-07-21 14:34:58.494  INFO 10585 --- [Thread-2] ConfigServletWebServerApplicationContext : Closing org.springframework.boot.web.servlet.context.AnnotationConfigServletWebServerApplicationContext@375ce22e: startup date [Sat Jul 21 14:34:45 CEST 2018]; root of context hierarchy
2018-07-21 14:34:58.500  INFO 10585 --- [Thread-2] o.s.c.support.DefaultLifecycleProcessor  : Stopping beans in phase 2147483647
2018-07-21 14:34:58.501  INFO 10585 --- [Thread-2] o.s.c.support.DefaultLifecycleProcessor  : Stopping beans in phase 0
2018-07-21 14:34:58.517  INFO 10585 --- [Thread-2] o.s.j.e.a.AnnotationMBeanExporter        : Unregistering JMX-exposed beans on shutdown
2018-07-21 14:34:58.519  INFO 10585 --- [Thread-2] o.s.j.e.a.AnnotationMBeanExporter        : Unregistering JMX-exposed beans
2018-07-21 14:34:58.527  INFO 10585 --- [Thread-2] org.mongodb.driver.connection            : Closed connection [connectionId{localValue:2, serverValue:2}] to localhost:27017 because the pool has been closed.
2018-07-21 14:35:53.847  INFO 11120 --- [main] c.l.l.LogrepositApiApplication           : Starting LogrepositApiApplication on DoM-ThinkPad-P50 with PID 11120 (/home/miglar/projects/new/logreposit-api/target/classes started by miglar in /home/miglar/projects/new/logreposit-api)
2018-07-21 14:35:53.851  INFO 11120 --- [main] c.l.l.LogrepositApiApplication           : No active profile set, falling back to default profiles: default
2018-07-21 14:35:53.893  INFO 11120 --- [main] ConfigServletWebServerApplicationContext : Refreshing org.springframework.boot.web.servlet.context.AnnotationConfigServletWebServerApplicationContext@4e1e7bbd: startup date [Sat Jul 21 14:35:53 CEST 2018]; root of context hierarchy
2018-07-21 14:35:54.750  INFO 11120 --- [main] trationDelegate$BeanPostProcessorChecker : Bean 'org.springframework.amqp.rabbit.annotation.RabbitBootstrapConfiguration' of type [org.springframework.amqp.rabbit.annotation.RabbitBootstrapConfiguration$$EnhancerBySpringCGLIB$$f0320a31] is not eligible for getting processed by all BeanPostProcessors (for example: not eligible for auto-proxying)
2018-07-21 14:35:55.022  INFO 11120 --- [main] o.s.b.w.embedded.tomcat.TomcatWebServer  : Tomcat initialized with port(s): 8080 (http)
2018-07-21 14:35:55.047  INFO 11120 --- [main] o.apache.catalina.core.StandardService   : Starting service [Tomcat]
2018-07-21 14:35:55.047  INFO 11120 --- [main] org.apache.catalina.core.StandardEngine  : Starting Servlet Engine: Apache Tomcat/8.5.31
2018-07-21 14:35:55.058  INFO 11120 --- [localhost-startStop-1] o.a.catalina.core.AprLifecycleListener   : The APR based Apache Tomcat Native library which allows optimal performance in production environments was not found on the java.library.path: [/usr/java/packages/lib:/usr/lib64:/lib64:/lib:/usr/lib]
2018-07-21 14:35:55.130  INFO 11120 --- [localhost-startStop-1] o.a.c.c.C.[Tomcat].[localhost].[/]       : Initializing Spring embedded WebApplicationContext
2018-07-21 14:35:55.131  INFO 11120 --- [localhost-startStop-1] o.s.web.context.ContextLoader            : Root WebApplicationContext: initialization completed in 1238 ms
2018-07-21 14:35:55.228  INFO 11120 --- [localhost-startStop-1] o.s.b.w.servlet.ServletRegistrationBean  : Servlet dispatcherServlet mapped to [/]
2018-07-21 14:35:55.232  INFO 11120 --- [localhost-startStop-1] o.s.b.w.servlet.FilterRegistrationBean   : Mapping filter: 'characterEncodingFilter' to: [/*]
2018-07-21 14:35:55.232  INFO 11120 --- [localhost-startStop-1] o.s.b.w.servlet.FilterRegistrationBean   : Mapping filter: 'hiddenHttpMethodFilter' to: [/*]
2018-07-21 14:35:55.232  INFO 11120 --- [localhost-startStop-1] o.s.b.w.servlet.FilterRegistrationBean   : Mapping filter: 'httpPutFormContentFilter' to: [/*]
2018-07-21 14:35:55.232  INFO 11120 --- [localhost-startStop-1] o.s.b.w.servlet.FilterRegistrationBean   : Mapping filter: 'requestContextFilter' to: [/*]
2018-07-21 14:35:55.482  INFO 11120 --- [main] org.mongodb.driver.cluster               : Cluster created with settings {hosts=[localhost:27017], mode=MULTIPLE, requiredClusterType=UNKNOWN, serverSelectionTimeout='30000 ms', maxWaitQueueSize=500}
2018-07-21 14:35:55.483  INFO 11120 --- [main] org.mongodb.driver.cluster               : Adding discovered server localhost:27017 to client view of cluster
2018-07-21 14:35:55.547  INFO 11120 --- [cluster-ClusterId{value='5b5328ab8c84092b70c2a9ff', description='null'}-localhost:27017] org.mongodb.driver.connection            : Opened connection [connectionId{localValue:1, serverValue:1}] to localhost:27017
2018-07-21 14:35:55.551  INFO 11120 --- [cluster-ClusterId{value='5b5328ab8c84092b70c2a9ff', description='null'}-localhost:27017] org.mongodb.driver.cluster               : Monitor thread successfully connected to server with description ServerDescription{address=localhost:27017, type=STANDALONE, state=CONNECTED, ok=true, version=ServerVersion{versionList=[4, 0, 0]}, minWireVersion=0, maxWireVersion=7, maxDocumentSize=16777216, logicalSessionTimeoutMinutes=30, roundTripTimeNanos=2719345}
2018-07-21 14:35:55.553  INFO 11120 --- [cluster-ClusterId{value='5b5328ab8c84092b70c2a9ff', description='null'}-localhost:27017] org.mongodb.driver.cluster               : Discovered cluster type of STANDALONE
2018-07-21 14:35:55.743  INFO 11120 --- [main] org.mongodb.driver.connection            : Opened connection [connectionId{localValue:2, serverValue:2}] to localhost:27017
2018-07-21 14:35:56.348  INFO 11120 --- [main] o.s.w.s.handler.SimpleUrlHandlerMapping  : Mapped URL path [/**/favicon.ico] onto handler of type [class org.springframework.web.servlet.resource.ResourceHttpRequestHandler]
2018-07-21 14:35:56.479  INFO 11120 --- [main] s.w.s.m.m.a.RequestMappingHandlerAdapter : Looking for @ControllerAdvice: org.springframework.boot.web.servlet.context.AnnotationConfigServletWebServerApplicationContext@4e1e7bbd: startup date [Sat Jul 21 14:35:53 CEST 2018]; root of context hierarchy
2018-07-21 14:35:56.539  INFO 11120 --- [main] s.w.s.m.m.a.RequestMappingHandlerMapping : Mapped "{[/devices],methods=[POST],produces=[application/json;charset=UTF-8]}" onto public org.springframework.http.ResponseEntity<com.logreposit.logrepositapi.rest.dtos.common.SuccessResponse<com.logreposit.logrepositapi.rest.dtos.ResponseDto>> com.logreposit.logrepositapi.rest.controllers.DeviceController.create(com.logreposit.logrepositapi.rest.dtos.request.DeviceCreationRequestDto,com.logreposit.logrepositapi.persistence.documents.User)
2018-07-21 14:35:56.540  INFO 11120 --- [main] s.w.s.m.m.a.RequestMappingHandlerMapping : Mapped "{[/ingress],methods=[POST],produces=[application/json;charset=UTF-8]}" onto public org.springframework.http.ResponseEntity<com.logreposit.logrepositapi.rest.dtos.common.SuccessResponse<com.logreposit.logrepositapi.rest.dtos.ResponseDto>> com.logreposit.logrepositapi.rest.controllers.IngressController.ingress(com.logreposit.logrepositapi.persistence.documents.Device,com.logreposit.logrepositapi.rest.dtos.request.LogIngressRequestDto)
2018-07-21 14:35:56.541  INFO 11120 --- [main] s.w.s.m.m.a.RequestMappingHandlerMapping : Mapped "{[/admin/users],methods=[GET],produces=[application/json;charset=UTF-8]}" onto public org.springframework.http.ResponseEntity<com.logreposit.logrepositapi.rest.dtos.common.SuccessResponse<com.logreposit.logrepositapi.rest.dtos.ResponseDto>> com.logreposit.logrepositapi.rest.controllers.admin.UserManagementController.list(int,int,com.logreposit.logrepositapi.persistence.documents.User)
2018-07-21 14:35:56.541  INFO 11120 --- [main] s.w.s.m.m.a.RequestMappingHandlerMapping : Mapped "{[/admin/users],methods=[POST],produces=[application/json;charset=UTF-8]}" onto public org.springframework.http.ResponseEntity<com.logreposit.logrepositapi.rest.dtos.common.SuccessResponse<com.logreposit.logrepositapi.rest.dtos.ResponseDto>> com.logreposit.logrepositapi.rest.controllers.admin.UserManagementController.create(com.logreposit.logrepositapi.rest.dtos.request.UserCreationRequestDto) throws com.logreposit.logrepositapi.services.user.UserAlreadyExistentException
2018-07-21 14:35:56.544  INFO 11120 --- [main] s.w.s.m.m.a.RequestMappingHandlerMapping : Mapped "{[/error],produces=[text/html]}" onto public org.springframework.web.servlet.ModelAndView org.springframework.boot.autoconfigure.web.servlet.error.BasicErrorController.errorHtml(javax.servlet.http.HttpServletRequest,javax.servlet.http.HttpServletResponse)
2018-07-21 14:35:56.544  INFO 11120 --- [main] s.w.s.m.m.a.RequestMappingHandlerMapping : Mapped "{[/error]}" onto public org.springframework.http.ResponseEntity<java.util.Map<java.lang.String, java.lang.Object>> org.springframework.boot.autoconfigure.web.servlet.error.BasicErrorController.error(javax.servlet.http.HttpServletRequest)
2018-07-21 14:35:56.566  INFO 11120 --- [main] o.s.w.s.handler.SimpleUrlHandlerMapping  : Mapped URL path [/webjars/**] onto handler of type [class org.springframework.web.servlet.resource.ResourceHttpRequestHandler]
2018-07-21 14:35:56.566  INFO 11120 --- [main] o.s.w.s.handler.SimpleUrlHandlerMapping  : Mapped URL path [/**] onto handler of type [class org.springframework.web.servlet.resource.ResourceHttpRequestHandler]
2018-07-21 14:35:56.580  INFO 11120 --- [main] .m.m.a.ExceptionHandlerExceptionResolver : Detected @ExceptionHandler methods in globalControllerAdvice
2018-07-21 14:35:56.744  INFO 11120 --- [main] o.s.j.e.a.AnnotationMBeanExporter        : Registering beans for JMX exposure on startup
2018-07-21 14:35:56.751  INFO 11120 --- [main] o.s.j.e.a.AnnotationMBeanExporter        : Bean with name 'rabbitConnectionFactory' has been autodetected for JMX exposure
2018-07-21 14:35:56.754  INFO 11120 --- [main] o.s.j.e.a.AnnotationMBeanExporter        : Located managed bean 'rabbitConnectionFactory': registering with JMX server as MBean [org.springframework.amqp.rabbit.connection:name=rabbitConnectionFactory,type=CachingConnectionFactory]
2018-07-21 14:35:56.777  INFO 11120 --- [main] o.s.c.support.DefaultLifecycleProcessor  : Starting beans in phase 2147483647
2018-07-21 14:35:56.804  INFO 11120 --- [main] o.s.b.w.embedded.tomcat.TomcatWebServer  : Tomcat started on port(s): 8080 (http) with context path ''
2018-07-21 14:35:56.809  INFO 11120 --- [main] c.l.l.LogrepositApiApplication           : Started LogrepositApiApplication in 3.374 seconds (JVM running for 8.247)
2018-07-21 14:35:56.858  WARN 11120 --- [main] c.l.l.LogrepositCommandLineRunner        : Caught UserNotFoundException. Creating new one...
2018-07-21 14:35:56.859  INFO 11120 --- [main] c.l.l.services.user.UserServiceImpl      : Creating user: User(id=null, email=admin@localhost, roles=[ADMIN])
2018-07-21 14:35:56.912  INFO 11120 --- [main] c.l.l.services.user.UserServiceImpl      : Created user: User(id=5b5328ac8c84092b70c2aa00, email=admin@localhost, roles=[ADMIN]) with api key: ApiKey(id=5b5328ac8c84092b70c2aa01, key=6aea37da-dcff-4b25-9f16-4a7b99fed3db, userId=5b5328ac8c84092b70c2aa00, createdAt=Sat Jul 21 14:35:56 CEST 2018)
2018-07-21 14:35:56.936  INFO 11120 --- [main] c.l.l.LogrepositCommandLineRunner        : Administrator Details => user: User(id=5b5328ac8c84092b70c2aa00, email=admin@localhost, roles=[ADMIN]), apiKey: ApiKey(id=5b5328ac8c84092b70c2aa01, key=6aea37da-dcff-4b25-9f16-4a7b99fed3db, userId=5b5328ac8c84092b70c2aa00, createdAt=Sat Jul 21 14:35:56 CEST 2018)
